<?xml version="1.0" encoding="UTF-8"?>
<testsuite xmlns:xsi="http://www.w3.org/2001/XMLSchema-instance" xsi:noNamespaceSchemaLocation="https://maven.apache.org/surefire/maven-surefire-plugin/xsd/surefire-test-report-3.0.xsd" version="3.0" name="UserServiceTest" time="3.197" tests="6" errors="0" skipped="0" failures="0">
  <properties>
[...]
</properties>
  <testcase name="saveUser" classname="UserServiceTest" time="2.891">
    <system-out><![CDATA[Hibernate: DROP TABLE IF EXISTS users
Hibernate: CREATE TABLE IF NOT EXISTS users(id BIGINT PRIMARY KEY NOT NULL AUTO_INCREMENT,name VARCHAR(255) NOT NULL,lastName VARCHAR(255) NOT NULL,age TINYINT NOT NULL)
Hibernate: insert into users (age, lastName, name) values (?, ?, ?)
User с именем – Ivan добавлен в базу данных
Hibernate: select user0_.id as id1_0_, user0_.age as age2_0_, user0_.lastName as lastname3_0_, user0_.name as name4_0_ from users user0_
]]></system-out>
    <system-err><![CDATA[мая 06, 2023 9:13:27 AM org.hibernate.Version logVersion
INFO: HHH000412: Hibernate ORM core version 5.6.3.Final
мая 06, 2023 9:13:28 AM org.hibernate.annotations.common.reflection.java.JavaReflectionManager <clinit>
INFO: HCANN000001: Hibernate Commons Annotations {5.1.2.Final}
мая 06, 2023 9:13:28 AM org.hibernate.engine.jdbc.connections.internal.DriverManagerConnectionProviderImpl configure
WARN: HHH10001002: Using Hibernate built-in connection pool (not for production use!)
мая 06, 2023 9:13:28 AM org.hibernate.engine.jdbc.connections.internal.DriverManagerConnectionProviderImpl buildCreator
INFO: HHH10001005: using driver [com.mysql.cj.jdbc.Driver] at URL [jdbc:mysql://localhost:3306/kata]
мая 06, 2023 9:13:28 AM org.hibernate.engine.jdbc.connections.internal.DriverManagerConnectionProviderImpl buildCreator
INFO: HHH10001001: Connection properties: {password=****, user=root}
мая 06, 2023 9:13:28 AM org.hibernate.engine.jdbc.connections.internal.DriverManagerConnectionProviderImpl buildCreator
INFO: HHH10001003: Autocommit mode: false
мая 06, 2023 9:13:28 AM org.hibernate.engine.jdbc.connections.internal.DriverManagerConnectionProviderImpl$PooledConnections <init>
INFO: HHH000115: Hibernate connection pool size: 20 (min=1)
мая 06, 2023 9:13:29 AM org.hibernate.dialect.Dialect <init>
INFO: HHH000400: Using dialect: org.hibernate.dialect.MySQL5Dialect
]]></system-err>
  </testcase>
  <testcase name="removeUserById" classname="UserServiceTest" time="0.09">
    <system-out><![CDATA[Hibernate: DROP TABLE IF EXISTS users
Hibernate: CREATE TABLE IF NOT EXISTS users(id BIGINT PRIMARY KEY NOT NULL AUTO_INCREMENT,name VARCHAR(255) NOT NULL,lastName VARCHAR(255) NOT NULL,age TINYINT NOT NULL)
Hibernate: insert into users (age, lastName, name) values (?, ?, ?)
User с именем – Ivan добавлен в базу данных
Hibernate: select user0_.id as id1_0_0_, user0_.age as age2_0_0_, user0_.lastName as lastname3_0_0_, user0_.name as name4_0_0_ from users user0_ where user0_.id=?
Hibernate: delete from users where id=?
]]></system-out>
  </testcase>
  <testcase name="getAllUsers" classname="UserServiceTest" time="0.042">
    <system-out><![CDATA[Hibernate: DROP TABLE IF EXISTS users
Hibernate: CREATE TABLE IF NOT EXISTS users(id BIGINT PRIMARY KEY NOT NULL AUTO_INCREMENT,name VARCHAR(255) NOT NULL,lastName VARCHAR(255) NOT NULL,age TINYINT NOT NULL)
Hibernate: insert into users (age, lastName, name) values (?, ?, ?)
User с именем – Ivan добавлен в базу данных
Hibernate: select user0_.id as id1_0_, user0_.age as age2_0_, user0_.lastName as lastname3_0_, user0_.name as name4_0_ from users user0_
]]></system-out>
  </testcase>
  <testcase name="dropUsersTable" classname="UserServiceTest" time="0.012">
    <system-out><![CDATA[Hibernate: DROP TABLE IF EXISTS users
Hibernate: DROP TABLE IF EXISTS users
]]></system-out>
  </testcase>
  <testcase name="createUsersTable" classname="UserServiceTest" time="0.026">
    <system-out><![CDATA[Hibernate: DROP TABLE IF EXISTS users
Hibernate: CREATE TABLE IF NOT EXISTS users(id BIGINT PRIMARY KEY NOT NULL AUTO_INCREMENT,name VARCHAR(255) NOT NULL,lastName VARCHAR(255) NOT NULL,age TINYINT NOT NULL)
]]></system-out>
  </testcase>
  <testcase name="cleanUsersTable" classname="UserServiceTest" time="0.059">
    <system-out><![CDATA[Hibernate: DROP TABLE IF EXISTS users
Hibernate: CREATE TABLE IF NOT EXISTS users(id BIGINT PRIMARY KEY NOT NULL AUTO_INCREMENT,name VARCHAR(255) NOT NULL,lastName VARCHAR(255) NOT NULL,age TINYINT NOT NULL)
Hibernate: insert into users (age, lastName, name) values (?, ?, ?)
User с именем – Ivan добавлен в базу данных
Hibernate: TRUNCATE users
Hibernate: select user0_.id as id1_0_, user0_.age as age2_0_, user0_.lastName as lastname3_0_, user0_.name as name4_0_ from users user0_
]]></system-out>
  </testcase>
</testsuite>